Analysis & Synthesis report for DE1_Audio_AdcDac
Fri Mar  6 10:24:27 2026
Quartus Prime Version 18.1.1 Build 646 04/11/2019 SJ Lite Edition


---------------------
; Table of Contents ;
---------------------
  1. Legal Notice
  2. Analysis & Synthesis Summary
  3. Analysis & Synthesis Settings
  4. Parallel Compilation
  5. Analysis & Synthesis Messages



----------------
; Legal Notice ;
----------------
Copyright (C) 2019  Intel Corporation. All rights reserved.
Your use of Intel Corporation's design tools, logic functions 
and other software and tools, and any partner logic 
functions, and any output files from any of the foregoing 
(including device programming or simulation files), and any 
associated documentation or information are expressly subject 
to the terms and conditions of the Intel Program License 
Subscription Agreement, the Intel Quartus Prime License Agreement,
the Intel FPGA IP License Agreement, or other applicable license
agreement, including, without limitation, that your use is for
the sole purpose of programming logic devices manufactured by
Intel and sold by Intel or its authorized distributors.  Please
refer to the applicable agreement for further details, at
https://fpgasoftware.intel.com/eula.



+----------------------------------------------------------------------------------+
; Analysis & Synthesis Summary                                                     ;
+------------------------------------+---------------------------------------------+
; Analysis & Synthesis Status        ; Failed - Fri Mar  6 10:24:27 2026           ;
; Quartus Prime Version              ; 18.1.1 Build 646 04/11/2019 SJ Lite Edition ;
; Revision Name                      ; DE1_Audio_AdcDac                            ;
; Top-level Entity Name              ; DE1_Audio_AdcDac                            ;
; Family                             ; Cyclone IV E                                ;
; Total logic elements               ; N/A until Partition Merge                   ;
;     Total combinational functions  ; N/A until Partition Merge                   ;
;     Dedicated logic registers      ; N/A until Partition Merge                   ;
; Total registers                    ; N/A until Partition Merge                   ;
; Total pins                         ; N/A until Partition Merge                   ;
; Total virtual pins                 ; N/A until Partition Merge                   ;
; Total memory bits                  ; N/A until Partition Merge                   ;
; Embedded Multiplier 9-bit elements ; N/A until Partition Merge                   ;
; Total PLLs                         ; N/A until Partition Merge                   ;
+------------------------------------+---------------------------------------------+


+------------------------------------------------------------------------------------------------------------+
; Analysis & Synthesis Settings                                                                              ;
+------------------------------------------------------------------+--------------------+--------------------+
; Option                                                           ; Setting            ; Default Value      ;
+------------------------------------------------------------------+--------------------+--------------------+
; Device                                                           ; EP4CE115F29C7      ;                    ;
; Top-level entity name                                            ; DE1_Audio_AdcDac   ; DE1_Audio_AdcDac   ;
; Family name                                                      ; Cyclone IV E       ; Cyclone V          ;
; Use smart compilation                                            ; Off                ; Off                ;
; Enable parallel Assembler and Timing Analyzer during compilation ; On                 ; On                 ;
; Enable compact report table                                      ; Off                ; Off                ;
; Restructure Multiplexers                                         ; Auto               ; Auto               ;
; Create Debugging Nodes for IP Cores                              ; Off                ; Off                ;
; Preserve fewer node names                                        ; On                 ; On                 ;
; Intel FPGA IP Evaluation Mode                                    ; Enable             ; Enable             ;
; Verilog Version                                                  ; Verilog_2001       ; Verilog_2001       ;
; VHDL Version                                                     ; VHDL_1993          ; VHDL_1993          ;
; State Machine Processing                                         ; Auto               ; Auto               ;
; Safe State Machine                                               ; Off                ; Off                ;
; Extract Verilog State Machines                                   ; On                 ; On                 ;
; Extract VHDL State Machines                                      ; On                 ; On                 ;
; Ignore Verilog initial constructs                                ; Off                ; Off                ;
; Iteration limit for constant Verilog loops                       ; 5000               ; 5000               ;
; Iteration limit for non-constant Verilog loops                   ; 250                ; 250                ;
; Add Pass-Through Logic to Inferred RAMs                          ; On                 ; On                 ;
; Infer RAMs from Raw Logic                                        ; On                 ; On                 ;
; Parallel Synthesis                                               ; On                 ; On                 ;
; DSP Block Balancing                                              ; Auto               ; Auto               ;
; NOT Gate Push-Back                                               ; On                 ; On                 ;
; Power-Up Don't Care                                              ; On                 ; On                 ;
; Remove Redundant Logic Cells                                     ; Off                ; Off                ;
; Remove Duplicate Registers                                       ; On                 ; On                 ;
; Ignore CARRY Buffers                                             ; Off                ; Off                ;
; Ignore CASCADE Buffers                                           ; Off                ; Off                ;
; Ignore GLOBAL Buffers                                            ; Off                ; Off                ;
; Ignore ROW GLOBAL Buffers                                        ; Off                ; Off                ;
; Ignore LCELL Buffers                                             ; Off                ; Off                ;
; Ignore SOFT Buffers                                              ; On                 ; On                 ;
; Limit AHDL Integers to 32 Bits                                   ; Off                ; Off                ;
; Optimization Technique                                           ; Balanced           ; Balanced           ;
; Carry Chain Length                                               ; 70                 ; 70                 ;
; Auto Carry Chains                                                ; On                 ; On                 ;
; Auto Open-Drain Pins                                             ; On                 ; On                 ;
; Perform WYSIWYG Primitive Resynthesis                            ; Off                ; Off                ;
; Auto ROM Replacement                                             ; On                 ; On                 ;
; Auto RAM Replacement                                             ; On                 ; On                 ;
; Auto DSP Block Replacement                                       ; On                 ; On                 ;
; Auto Shift Register Replacement                                  ; Auto               ; Auto               ;
; Allow Shift Register Merging across Hierarchies                  ; Auto               ; Auto               ;
; Auto Clock Enable Replacement                                    ; On                 ; On                 ;
; Strict RAM Replacement                                           ; Off                ; Off                ;
; Allow Synchronous Control Signals                                ; On                 ; On                 ;
; Force Use of Synchronous Clear Signals                           ; Off                ; Off                ;
; Auto RAM Block Balancing                                         ; On                 ; On                 ;
; Auto RAM to Logic Cell Conversion                                ; Off                ; Off                ;
; Auto Resource Sharing                                            ; Off                ; Off                ;
; Allow Any RAM Size For Recognition                               ; Off                ; Off                ;
; Allow Any ROM Size For Recognition                               ; Off                ; Off                ;
; Allow Any Shift Register Size For Recognition                    ; Off                ; Off                ;
; Use LogicLock Constraints during Resource Balancing              ; On                 ; On                 ;
; Ignore translate_off and synthesis_off directives                ; Off                ; Off                ;
; Timing-Driven Synthesis                                          ; On                 ; On                 ;
; Report Parameter Settings                                        ; On                 ; On                 ;
; Report Source Assignments                                        ; On                 ; On                 ;
; Report Connectivity Checks                                       ; On                 ; On                 ;
; Ignore Maximum Fan-Out Assignments                               ; Off                ; Off                ;
; Synchronization Register Chain Length                            ; 2                  ; 2                  ;
; Power Optimization During Synthesis                              ; Normal compilation ; Normal compilation ;
; HDL message level                                                ; Level2             ; Level2             ;
; Suppress Register Optimization Related Messages                  ; Off                ; Off                ;
; Number of Removed Registers Reported in Synthesis Report         ; 5000               ; 5000               ;
; Number of Swept Nodes Reported in Synthesis Report               ; 5000               ; 5000               ;
; Number of Inverted Registers Reported in Synthesis Report        ; 100                ; 100                ;
; Clock MUX Protection                                             ; On                 ; On                 ;
; Auto Gated Clock Conversion                                      ; Off                ; Off                ;
; Block Design Naming                                              ; Auto               ; Auto               ;
; SDC constraint protection                                        ; Off                ; Off                ;
; Synthesis Effort                                                 ; Auto               ; Auto               ;
; Shift Register Replacement - Allow Asynchronous Clear Signal     ; On                 ; On                 ;
; Pre-Mapping Resynthesis Optimization                             ; Off                ; Off                ;
; Analysis & Synthesis Message Level                               ; Medium             ; Medium             ;
; Disable Register Merging Across Hierarchies                      ; Auto               ; Auto               ;
; Resource Aware Inference For Block RAM                           ; On                 ; On                 ;
+------------------------------------------------------------------+--------------------+--------------------+


+------------------------------------------+
; Parallel Compilation                     ;
+----------------------------+-------------+
; Processors                 ; Number      ;
+----------------------------+-------------+
; Number detected on machine ; 8           ;
; Maximum allowed            ; 4           ;
;                            ;             ;
; Average used               ; 1.00        ;
; Maximum used               ; 1           ;
;                            ;             ;
; Usage by Processor         ; % Time Used ;
;     Processor 1            ; 100.0%      ;
+----------------------------+-------------+


+-------------------------------+
; Analysis & Synthesis Messages ;
+-------------------------------+
Info: *******************************************************************
Info: Running Quartus Prime Analysis & Synthesis
    Info: Version 18.1.1 Build 646 04/11/2019 SJ Lite Edition
    Info: Processing started: Fri Mar  6 10:24:16 2026
Info: Command: quartus_map --read_settings_files=on --write_settings_files=off DE1_Audio_AdcDac -c DE1_Audio_AdcDac
Warning (18236): Number of processors has not been specified which may cause overloading on shared machines.  Set the global assignment NUM_PARALLEL_PROCESSORS in your QSF to an appropriate value for best performance.
Info (20030): Parallel compilation is enabled and will use 4 of the 4 processors detected
Info (12021): Found 1 design units, including 1 entities, in source file I2C_Controller.v
    Info (12023): Found entity 1: I2C_Controller File: /home/bavanmendon/intelFPGA_lite/audioProcessor/DE1_Audio_AdcDac/I2C_Controller.v Line: 42
Info (12021): Found 2 design units, including 1 entities, in source file delayCounter.vhd
    Info (12022): Found design unit 1: delayCounter-delayCounterInside File: /home/bavanmendon/intelFPGA_lite/audioProcessor/DE1_Audio_AdcDac/delayCounter.vhd Line: 20
    Info (12023): Found entity 1: delayCounter File: /home/bavanmendon/intelFPGA_lite/audioProcessor/DE1_Audio_AdcDac/delayCounter.vhd Line: 14
Info (12021): Found 2 design units, including 1 entities, in source file DE1_Audio_AdcDac.vhd
    Info (12022): Found design unit 1: DE1_Audio_AdcDac-topLevel File: /home/bavanmendon/intelFPGA_lite/audioProcessor/DE1_Audio_AdcDac/DE1_Audio_AdcDac.vhd Line: 43
    Info (12023): Found entity 1: DE1_Audio_AdcDac File: /home/bavanmendon/intelFPGA_lite/audioProcessor/DE1_Audio_AdcDac/DE1_Audio_AdcDac.vhd Line: 23
Info (12021): Found 2 design units, including 1 entities, in source file clockBuffer.vhd
    Info (12022): Found design unit 1: clockbuffer-SYN File: /home/bavanmendon/intelFPGA_lite/audioProcessor/DE1_Audio_AdcDac/clockBuffer.vhd Line: 53
    Info (12023): Found entity 1: clockBuffer File: /home/bavanmendon/intelFPGA_lite/audioProcessor/DE1_Audio_AdcDac/clockBuffer.vhd Line: 42
Info (12021): Found 2 design units, including 1 entities, in source file audioPLL.vhd
    Info (12022): Found design unit 1: audiopll-SYN File: /home/bavanmendon/intelFPGA_lite/audioProcessor/DE1_Audio_AdcDac/audioPLL.vhd Line: 52
    Info (12023): Found entity 1: audioPLL File: /home/bavanmendon/intelFPGA_lite/audioProcessor/DE1_Audio_AdcDac/audioPLL.vhd Line: 42
Info (12021): Found 2 design units, including 1 entities, in source file audio_codec_controller.vhd
    Info (12022): Found design unit 1: audio_codec_controller-behavioral File: /home/bavanmendon/intelFPGA_lite/audioProcessor/DE1_Audio_AdcDac/audio_codec_controller.vhd Line: 24
    Info (12023): Found entity 1: audio_codec_controller File: /home/bavanmendon/intelFPGA_lite/audioProcessor/DE1_Audio_AdcDac/audio_codec_controller.vhd Line: 16
Info (12021): Found 2 design units, including 1 entities, in source file adc_dac_controller.vhd
    Info (12022): Found design unit 1: adc_dac_controller-behavioral File: /home/bavanmendon/intelFPGA_lite/audioProcessor/DE1_Audio_AdcDac/adc_dac_controller.vhd Line: 25
    Info (12023): Found entity 1: adc_dac_controller File: /home/bavanmendon/intelFPGA_lite/audioProcessor/DE1_Audio_AdcDac/adc_dac_controller.vhd Line: 13
Info (12127): Elaborating entity "DE1_Audio_AdcDac" for the top level hierarchy
Warning (10665): Bidirectional port "I2C_SDAT" at DE1_Audio_AdcDac.vhd(36) has a one-way connection to bidirectional port "GPIO_1[1]" File: /home/bavanmendon/intelFPGA_lite/audioProcessor/DE1_Audio_AdcDac/DE1_Audio_AdcDac.vhd Line: 36
Info (12128): Elaborating entity "clockBuffer" for hierarchy "clockBuffer:clockBuffer50MHz" File: /home/bavanmendon/intelFPGA_lite/audioProcessor/DE1_Audio_AdcDac/DE1_Audio_AdcDac.vhd Line: 102
Info (12128): Elaborating entity "altpll" for hierarchy "clockBuffer:clockBuffer50MHz|altpll:altpll_component" File: /home/bavanmendon/intelFPGA_lite/audioProcessor/DE1_Audio_AdcDac/clockBuffer.vhd Line: 139
Info (12130): Elaborated megafunction instantiation "clockBuffer:clockBuffer50MHz|altpll:altpll_component" File: /home/bavanmendon/intelFPGA_lite/audioProcessor/DE1_Audio_AdcDac/clockBuffer.vhd Line: 139
Info (12133): Instantiated megafunction "clockBuffer:clockBuffer50MHz|altpll:altpll_component" with the following parameter: File: /home/bavanmendon/intelFPGA_lite/audioProcessor/DE1_Audio_AdcDac/clockBuffer.vhd Line: 139
    Info (12134): Parameter "clk0_divide_by" = "1"
    Info (12134): Parameter "clk0_duty_cycle" = "50"
    Info (12134): Parameter "clk0_multiply_by" = "1"
    Info (12134): Parameter "clk0_phase_shift" = "0"
    Info (12134): Parameter "compensate_clock" = "CLK0"
    Info (12134): Parameter "gate_lock_signal" = "NO"
    Info (12134): Parameter "inclk0_input_frequency" = "20000"
    Info (12134): Parameter "intended_device_family" = "Cyclone II"
    Info (12134): Parameter "invalid_lock_multiplier" = "5"
    Info (12134): Parameter "lpm_hint" = "CBX_MODULE_PREFIX=clockBuffer"
    Info (12134): Parameter "lpm_type" = "altpll"
    Info (12134): Parameter "operation_mode" = "NORMAL"
    Info (12134): Parameter "port_activeclock" = "PORT_UNUSED"
    Info (12134): Parameter "port_areset" = "PORT_USED"
    Info (12134): Parameter "port_clkbad0" = "PORT_UNUSED"
    Info (12134): Parameter "port_clkbad1" = "PORT_UNUSED"
    Info (12134): Parameter "port_clkloss" = "PORT_UNUSED"
    Info (12134): Parameter "port_clkswitch" = "PORT_UNUSED"
    Info (12134): Parameter "port_configupdate" = "PORT_UNUSED"
    Info (12134): Parameter "port_fbin" = "PORT_UNUSED"
    Info (12134): Parameter "port_inclk0" = "PORT_USED"
    Info (12134): Parameter "port_inclk1" = "PORT_UNUSED"
    Info (12134): Parameter "port_locked" = "PORT_USED"
    Info (12134): Parameter "port_pfdena" = "PORT_UNUSED"
    Info (12134): Parameter "port_phasecounterselect" = "PORT_UNUSED"
    Info (12134): Parameter "port_phasedone" = "PORT_UNUSED"
    Info (12134): Parameter "port_phasestep" = "PORT_UNUSED"
    Info (12134): Parameter "port_phaseupdown" = "PORT_UNUSED"
    Info (12134): Parameter "port_pllena" = "PORT_UNUSED"
    Info (12134): Parameter "port_scanaclr" = "PORT_UNUSED"
    Info (12134): Parameter "port_scanclk" = "PORT_UNUSED"
    Info (12134): Parameter "port_scanclkena" = "PORT_UNUSED"
    Info (12134): Parameter "port_scandata" = "PORT_UNUSED"
    Info (12134): Parameter "port_scandataout" = "PORT_UNUSED"
    Info (12134): Parameter "port_scandone" = "PORT_UNUSED"
    Info (12134): Parameter "port_scanread" = "PORT_UNUSED"
    Info (12134): Parameter "port_scanwrite" = "PORT_UNUSED"
    Info (12134): Parameter "port_clk0" = "PORT_USED"
    Info (12134): Parameter "port_clk1" = "PORT_UNUSED"
    Info (12134): Parameter "port_clk2" = "PORT_UNUSED"
    Info (12134): Parameter "port_clk3" = "PORT_UNUSED"
    Info (12134): Parameter "port_clk4" = "PORT_UNUSED"
    Info (12134): Parameter "port_clk5" = "PORT_UNUSED"
    Info (12134): Parameter "port_clkena0" = "PORT_UNUSED"
    Info (12134): Parameter "port_clkena1" = "PORT_UNUSED"
    Info (12134): Parameter "port_clkena2" = "PORT_UNUSED"
    Info (12134): Parameter "port_clkena3" = "PORT_UNUSED"
    Info (12134): Parameter "port_clkena4" = "PORT_UNUSED"
    Info (12134): Parameter "port_clkena5" = "PORT_UNUSED"
    Info (12134): Parameter "port_extclk0" = "PORT_UNUSED"
    Info (12134): Parameter "port_extclk1" = "PORT_UNUSED"
    Info (12134): Parameter "port_extclk2" = "PORT_UNUSED"
    Info (12134): Parameter "port_extclk3" = "PORT_UNUSED"
    Info (12134): Parameter "valid_lock_multiplier" = "1"
Info (12128): Elaborating entity "audio_codec_controller" for hierarchy "audio_codec_controller:audioCodecController" File: /home/bavanmendon/intelFPGA_lite/audioProcessor/DE1_Audio_AdcDac/DE1_Audio_AdcDac.vhd Line: 104
Info (12128): Elaborating entity "I2C_Controller" for hierarchy "audio_codec_controller:audioCodecController|I2C_Controller:i2cController" File: /home/bavanmendon/intelFPGA_lite/audioProcessor/DE1_Audio_AdcDac/audio_codec_controller.vhd Line: 194
Warning (10230): Verilog HDL assignment warning at I2C_Controller.v(78): truncated value with size 32 to match size of target (1) File: /home/bavanmendon/intelFPGA_lite/audioProcessor/DE1_Audio_AdcDac/I2C_Controller.v Line: 78
Warning (10230): Verilog HDL assignment warning at I2C_Controller.v(77): truncated value with size 32 to match size of target (1) File: /home/bavanmendon/intelFPGA_lite/audioProcessor/DE1_Audio_AdcDac/I2C_Controller.v Line: 77
Warning (10230): Verilog HDL assignment warning at I2C_Controller.v(90): truncated value with size 32 to match size of target (6) File: /home/bavanmendon/intelFPGA_lite/audioProcessor/DE1_Audio_AdcDac/I2C_Controller.v Line: 90
Info (12128): Elaborating entity "delayCounter" for hierarchy "delayCounter:adcDacControllerStartDelay" File: /home/bavanmendon/intelFPGA_lite/audioProcessor/DE1_Audio_AdcDac/DE1_Audio_AdcDac.vhd Line: 107
Info (12128): Elaborating entity "audioPLL" for hierarchy "audioPLL:audioPllClockGen" File: /home/bavanmendon/intelFPGA_lite/audioProcessor/DE1_Audio_AdcDac/DE1_Audio_AdcDac.vhd Line: 111
Info (12128): Elaborating entity "altpll" for hierarchy "audioPLL:audioPllClockGen|altpll:altpll_component" File: /home/bavanmendon/intelFPGA_lite/audioProcessor/DE1_Audio_AdcDac/audioPLL.vhd Line: 132
Info (12130): Elaborated megafunction instantiation "audioPLL:audioPllClockGen|altpll:altpll_component" File: /home/bavanmendon/intelFPGA_lite/audioProcessor/DE1_Audio_AdcDac/audioPLL.vhd Line: 132
Info (12133): Instantiated megafunction "audioPLL:audioPllClockGen|altpll:altpll_component" with the following parameter: File: /home/bavanmendon/intelFPGA_lite/audioProcessor/DE1_Audio_AdcDac/audioPLL.vhd Line: 132
    Info (12134): Parameter "clk0_divide_by" = "25"
    Info (12134): Parameter "clk0_duty_cycle" = "50"
    Info (12134): Parameter "clk0_multiply_by" = "9"
    Info (12134): Parameter "clk0_phase_shift" = "0"
    Info (12134): Parameter "compensate_clock" = "CLK0"
    Info (12134): Parameter "inclk0_input_frequency" = "20000"
    Info (12134): Parameter "intended_device_family" = "Cyclone IV E"
    Info (12134): Parameter "lpm_hint" = "CBX_MODULE_PREFIX=audioPLL"
    Info (12134): Parameter "lpm_type" = "altpll"
    Info (12134): Parameter "operation_mode" = "NORMAL"
    Info (12134): Parameter "port_activeclock" = "PORT_UNUSED"
    Info (12134): Parameter "port_areset" = "PORT_USED"
    Info (12134): Parameter "port_clkbad0" = "PORT_UNUSED"
    Info (12134): Parameter "port_clkbad1" = "PORT_UNUSED"
    Info (12134): Parameter "port_clkloss" = "PORT_UNUSED"
    Info (12134): Parameter "port_clkswitch" = "PORT_UNUSED"
    Info (12134): Parameter "port_configupdate" = "PORT_UNUSED"
    Info (12134): Parameter "port_fbin" = "PORT_UNUSED"
    Info (12134): Parameter "port_inclk0" = "PORT_USED"
    Info (12134): Parameter "port_inclk1" = "PORT_UNUSED"
    Info (12134): Parameter "port_locked" = "PORT_UNUSED"
    Info (12134): Parameter "port_pfdena" = "PORT_UNUSED"
    Info (12134): Parameter "port_phasecounterselect" = "PORT_UNUSED"
    Info (12134): Parameter "port_phasedone" = "PORT_UNUSED"
    Info (12134): Parameter "port_phasestep" = "PORT_UNUSED"
    Info (12134): Parameter "port_phaseupdown" = "PORT_UNUSED"
    Info (12134): Parameter "port_pllena" = "PORT_UNUSED"
    Info (12134): Parameter "port_scanaclr" = "PORT_UNUSED"
    Info (12134): Parameter "port_scanclk" = "PORT_UNUSED"
    Info (12134): Parameter "port_scanclkena" = "PORT_UNUSED"
    Info (12134): Parameter "port_scandata" = "PORT_UNUSED"
    Info (12134): Parameter "port_scandataout" = "PORT_UNUSED"
    Info (12134): Parameter "port_scandone" = "PORT_UNUSED"
    Info (12134): Parameter "port_scanread" = "PORT_UNUSED"
    Info (12134): Parameter "port_scanwrite" = "PORT_UNUSED"
    Info (12134): Parameter "port_clk0" = "PORT_USED"
    Info (12134): Parameter "port_clk1" = "PORT_UNUSED"
    Info (12134): Parameter "port_clk2" = "PORT_UNUSED"
    Info (12134): Parameter "port_clk3" = "PORT_UNUSED"
    Info (12134): Parameter "port_clk4" = "PORT_UNUSED"
    Info (12134): Parameter "port_clk5" = "PORT_UNUSED"
    Info (12134): Parameter "port_clkena0" = "PORT_UNUSED"
    Info (12134): Parameter "port_clkena1" = "PORT_UNUSED"
    Info (12134): Parameter "port_clkena2" = "PORT_UNUSED"
    Info (12134): Parameter "port_clkena3" = "PORT_UNUSED"
    Info (12134): Parameter "port_clkena4" = "PORT_UNUSED"
    Info (12134): Parameter "port_clkena5" = "PORT_UNUSED"
    Info (12134): Parameter "port_extclk0" = "PORT_UNUSED"
    Info (12134): Parameter "port_extclk1" = "PORT_UNUSED"
    Info (12134): Parameter "port_extclk2" = "PORT_UNUSED"
    Info (12134): Parameter "port_extclk3" = "PORT_UNUSED"
Info (12021): Found 1 design units, including 1 entities, in source file db/audioPLL_altpll.v
    Info (12023): Found entity 1: audioPLL_altpll File: /home/bavanmendon/intelFPGA_lite/audioProcessor/DE1_Audio_AdcDac/db/audioPLL_altpll.v Line: 30
Info (12128): Elaborating entity "audioPLL_altpll" for hierarchy "audioPLL:audioPllClockGen|altpll:altpll_component|audioPLL_altpll:auto_generated" File: /home/bavanmendon/intelFPGA_lite/18.1/quartus/libraries/megafunctions/altpll.tdf Line: 898
Info (12128): Elaborating entity "adc_dac_controller" for hierarchy "adc_dac_controller:adcDacController" File: /home/bavanmendon/intelFPGA_lite/audioProcessor/DE1_Audio_AdcDac/DE1_Audio_AdcDac.vhd Line: 113
Error (12006): Node instance "buttonLogic" instantiates undefined entity "audioProcessor". Ensure that required library paths are specified correctly, define the specified entity, or change the instantiation. If this entity represents Intel FPGA or third-party IP, generate the synthesis files for the IP. File: /home/bavanmendon/intelFPGA_lite/audioProcessor/DE1_Audio_AdcDac/DE1_Audio_AdcDac.vhd Line: 151
Error: Quartus Prime Analysis & Synthesis was unsuccessful. 1 error, 5 warnings
    Error: Peak virtual memory: 959 megabytes
    Error: Processing ended: Fri Mar  6 10:24:27 2026
    Error: Elapsed time: 00:00:11
    Error: Total CPU time (on all processors): 00:00:28


