13:17:56 **** Incremental Build of configuration Nios II for project audioEqualizer ****
make all 
Info: Building ../audioEqualizer_bsp/
make --no-print-directory -C ../audioEqualizer_bsp/
[BSP build complete]
Info: Compiling hello_world_small.c to obj/default/hello_world_small.o
nios2-elf-gcc -xc -MP -MMD -c -I../audioEqualizer_bsp//HAL/inc -I../audioEqualizer_bsp/ -I../audioEqualizer_bsp//drivers/inc -pipe -D__hal__ -DALT_NO_C_PLUS_PLUS -DALT_NO_CLEAN_EXIT -D'exit(a)=_exit(a)' -DALT_NO_EXIT -DALT_USE_DIRECT_DRIVERS -DALT_NO_INSTRUCTION_EMULATION -DALT_USE_SMALL_DRIVERS -DSMALL_C_LIB -DALT_SINGLE_THREADED    -O2 -g -Wall  -mno-hw-div -mno-hw-mul -mno-hw-mulx -mgpopt=global  -o obj/default/hello_world_small.o hello_world_small.c
Info: Linking audioEqualizer.elf
nios2-elf-g++ -T'../audioEqualizer_bsp//linker.x' -msys-crt0='../audioEqualizer_bsp//obj/HAL/src/crt0.o' -msys-lib=hal_bsp -L../audioEqualizer_bsp/ -msmallc  -Wl,-Map=audioEqualizer.map   -O2 -g -Wall  -mno-hw-div -mno-hw-mul -mno-hw-mulx -mgpopt=global  -o audioEqualizer.elf obj/default/hello_world_small.o -lm -msys-lib=m
nios2-elf-insert audioEqualizer.elf --thread_model hal --cpu_name NIOSAudioProcessor --qsys true --simulation_enabled false --stderr_dev JTAG --stdin_dev JTAG --stdout_dev JTAG --sopc_system_name audioProcessor --quartus_project_dir "/home/bavanmendon/intelFPGA_lite/audioProcessor" --jdi ../..//output_files/audioProcessor.jdi --sopcinfo /home/bavanmendon/intelFPGA_lite/audioProcessor/software/audioEqualizer_bsp/../../audioProcessor.sopcinfo
Info: (audioEqualizer.elf) 772 Bytes program size (code + initialized data).
Info:                      39 KBytes free for stack + heap.
Info: Creating audioEqualizer.objdump
nios2-elf-objdump --disassemble --syms --all-header --source audioEqualizer.elf >audioEqualizer.objdump
[audioEqualizer build complete]
13:18:01 **** Build of configuration Nios II for project audioEqualizer ****
make all 
Info: Building ../audioEqualizer_bsp/
make --no-print-directory -C ../audioEqualizer_bsp/
[BSP build complete]
[audioEqualizer build complete]
13:18:02 **** Incremental Build of configuration Nios II for project audioEqualizer ****
make all 
Info: Building ../audioEqualizer_bsp/
make --no-print-directory -C ../audioEqualizer_bsp/
[BSP build complete]
[audioEqualizer build complete]
