Flow report for audioProcessor
Fri Mar  6 15:30:56 2026
Quartus Prime Version 18.1.1 Build 646 04/11/2019 SJ Lite Edition


---------------------
; Table of Contents ;
---------------------
  1. Legal Notice
  2. Flow Summary
  3. Flow Settings
  4. Flow Non-Default Global Settings
  5. Flow Elapsed Time
  6. Flow OS Summary
  7. Flow Log
  8. Flow Messages
  9. Flow Suppressed Messages



----------------
; Legal Notice ;
----------------
Copyright (C) 2019  Intel Corporation. All rights reserved.
Your use of Intel Corporation's design tools, logic functions 
and other software and tools, and any partner logic 
functions, and any output files from any of the foregoing 
(including device programming or simulation files), and any 
associated documentation or information are expressly subject 
to the terms and conditions of the Intel Program License 
Subscription Agreement, the Intel Quartus Prime License Agreement,
the Intel FPGA IP License Agreement, or other applicable license
agreement, including, without limitation, that your use is for
the sole purpose of programming logic devices manufactured by
Intel and sold by Intel or its authorized distributors.  Please
refer to the applicable agreement for further details, at
https://fpgasoftware.intel.com/eula.



+----------------------------------------------------------------------------------+
; Flow Summary                                                                     ;
+------------------------------------+---------------------------------------------+
; Flow Status                        ; Successful - Fri Mar  6 15:30:56 2026       ;
; Quartus Prime Version              ; 18.1.1 Build 646 04/11/2019 SJ Lite Edition ;
; Revision Name                      ; audioProcessor                              ;
; Top-level Entity Name              ; DE1_Audio_AdcDac                            ;
; Family                             ; Cyclone IV E                                ;
; Device                             ; EP4CE115F29C7                               ;
; Timing Models                      ; Final                                       ;
; Total logic elements               ; 505 / 114,480 ( < 1 % )                     ;
;     Total combinational functions  ; 492 / 114,480 ( < 1 % )                     ;
;     Dedicated logic registers      ; 222 / 114,480 ( < 1 % )                     ;
; Total registers                    ; 222                                         ;
; Total pins                         ; 115 / 529 ( 22 % )                          ;
; Total virtual pins                 ; 0                                           ;
; Total memory bits                  ; 0 / 3,981,312 ( 0 % )                       ;
; Embedded Multiplier 9-bit elements ; 0 / 532 ( 0 % )                             ;
; Total PLLs                         ; 2 / 4 ( 50 % )                              ;
+------------------------------------+---------------------------------------------+


+-----------------------------------------+
; Flow Settings                           ;
+-------------------+---------------------+
; Option            ; Setting             ;
+-------------------+---------------------+
; Start date & time ; 03/06/2026 15:30:22 ;
; Main task         ; Compilation         ;
; Revision Name     ; audioProcessor      ;
+-------------------+---------------------+


+------------------------------------------------------------------------------------------------------------------------------------------------------+
; Flow Non-Default Global Settings                                                                                                                     ;
+-------------------------------------+----------------------------------------+----------------+------------------+-----------------------------------+
; Assignment Name                     ; Value                                  ; Default Value  ; Entity Name      ; Section Id                        ;
+-------------------------------------+----------------------------------------+----------------+------------------+-----------------------------------+
; COMPILER_SIGNATURE_ID               ; 211892108427563.177280742227123        ; --             ; --               ; --                                ;
; EDA_GENERATE_FUNCTIONAL_NETLIST     ; Off                                    ; --             ; --               ; eda_board_design_timing           ;
; EDA_GENERATE_FUNCTIONAL_NETLIST     ; Off                                    ; --             ; --               ; eda_board_design_boundary_scan    ;
; EDA_GENERATE_FUNCTIONAL_NETLIST     ; Off                                    ; --             ; --               ; eda_board_design_signal_integrity ;
; EDA_GENERATE_FUNCTIONAL_NETLIST     ; Off                                    ; --             ; --               ; eda_board_design_symbol           ;
; EDA_OUTPUT_DATA_FORMAT              ; Verilog Hdl                            ; --             ; --               ; eda_simulation                    ;
; EDA_SIMULATION_TOOL                 ; ModelSim-Altera (Verilog)              ; <None>         ; --               ; --                                ;
; EDA_TIME_SCALE                      ; 1 ps                                   ; --             ; --               ; eda_simulation                    ;
; MAX_CORE_JUNCTION_TEMP              ; 85                                     ; --             ; --               ; --                                ;
; MIN_CORE_JUNCTION_TEMP              ; 0                                      ; --             ; --               ; --                                ;
; NOMINAL_CORE_SUPPLY_VOLTAGE         ; 1.2V                                   ; --             ; --               ; --                                ;
; PARTITION_COLOR                     ; -- (Not supported for targeted family) ; --             ; DE1_Audio_AdcDac ; Top                               ;
; PARTITION_FITTER_PRESERVATION_LEVEL ; -- (Not supported for targeted family) ; --             ; DE1_Audio_AdcDac ; Top                               ;
; PARTITION_NETLIST_TYPE              ; -- (Not supported for targeted family) ; --             ; DE1_Audio_AdcDac ; Top                               ;
; POWER_BOARD_THERMAL_MODEL           ; None (CONSERVATIVE)                    ; --             ; --               ; --                                ;
; POWER_PRESET_COOLING_SOLUTION       ; 23 MM HEAT SINK WITH 200 LFPM AIRFLOW  ; --             ; --               ; --                                ;
; PROJECT_OUTPUT_DIRECTORY            ; output_files                           ; --             ; --               ; --                                ;
; TOP_LEVEL_ENTITY                    ; DE1_Audio_AdcDac                       ; audioProcessor ; --               ; --                                ;
+-------------------------------------+----------------------------------------+----------------+------------------+-----------------------------------+


+--------------------------------------------------------------------------------------------------------------------------+
; Flow Elapsed Time                                                                                                        ;
+----------------------+--------------+-------------------------+---------------------+------------------------------------+
; Module Name          ; Elapsed Time ; Average Processors Used ; Peak Virtual Memory ; Total CPU Time (on all processors) ;
+----------------------+--------------+-------------------------+---------------------+------------------------------------+
; Analysis & Synthesis ; 00:00:12     ; 1.0                     ; 964 MB              ; 00:00:26                           ;
; Fitter               ; 00:00:15     ; 1.0                     ; 1713 MB             ; 00:00:23                           ;
; Assembler            ; 00:00:02     ; 1.0                     ; 806 MB              ; 00:00:03                           ;
; Timing Analyzer      ; 00:00:02     ; 1.0                     ; 902 MB              ; 00:00:02                           ;
; EDA Netlist Writer   ; 00:00:00     ; 1.0                     ; 1031 MB             ; 00:00:00                           ;
; Total                ; 00:00:31     ; --                      ; --                  ; 00:00:54                           ;
+----------------------+--------------+-------------------------+---------------------+------------------------------------+


+----------------------------------------------------------------------------------------+
; Flow OS Summary                                                                        ;
+----------------------+------------------+----------------+------------+----------------+
; Module Name          ; Machine Hostname ; OS Name        ; OS Version ; Processor type ;
+----------------------+------------------+----------------+------------+----------------+
; Analysis & Synthesis ; Electrofin       ; Ubuntu 22.04.5 ; 22         ; x86_64         ;
; Fitter               ; Electrofin       ; Ubuntu 22.04.5 ; 22         ; x86_64         ;
; Assembler            ; Electrofin       ; Ubuntu 22.04.5 ; 22         ; x86_64         ;
; Timing Analyzer      ; Electrofin       ; Ubuntu 22.04.5 ; 22         ; x86_64         ;
; EDA Netlist Writer   ; Electrofin       ; Ubuntu 22.04.5 ; 22         ; x86_64         ;
+----------------------+------------------+----------------+------------+----------------+


------------
; Flow Log ;
------------
quartus_map --read_settings_files=on --write_settings_files=off audioProcessor -c audioProcessor
quartus_fit --read_settings_files=off --write_settings_files=off audioProcessor -c audioProcessor
quartus_asm --read_settings_files=off --write_settings_files=off audioProcessor -c audioProcessor
quartus_sta audioProcessor -c audioProcessor
quartus_eda --read_settings_files=off --write_settings_files=off audioProcessor -c audioProcessor



